{"/home/matt/javascript-expert/aulas/aula01/server/config.js": {"path":"/home/matt/javascript-expert/aulas/aula01/server/config.js","statementMap":{"0":{"start":{"line":4,"column":19},"end":{"line":4,"column":58}},"1":{"start":{"line":5,"column":13},"end":{"line":5,"column":36}},"2":{"start":{"line":6,"column":23},"end":{"line":6,"column":42}},"3":{"start":{"line":7,"column":24},"end":{"line":7,"column":44}}},"fnMap":{},"branchMap":{"0":{"loc":{"start":{"line":10,"column":8},"end":{"line":10,"column":32}},"type":"binary-expr","locations":[{"start":{"line":10,"column":8},"end":{"line":10,"column":24}},{"start":{"line":10,"column":28},"end":{"line":10,"column":32}}],"line":10}},"s":{"0":1,"1":1,"2":1,"3":1},"f":{},"b":{"0":[1,1]},"_coverageSchema":"1a1c01bbd47fc00a2c39e90264f33305004495a9","hash":"44830fea34ba942336c036057129aaef81903367"}
,"/home/matt/javascript-expert/aulas/aula01/server/controller.js": {"path":"/home/matt/javascript-expert/aulas/aula01/server/controller.js","statementMap":{"0":{"start":{"line":5,"column":4},"end":{"line":5,"column":32}},"1":{"start":{"line":9,"column":4},"end":{"line":9,"column":47}}},"fnMap":{"0":{"name":"(anonymous_0)","decl":{"start":{"line":4,"column":2},"end":{"line":4,"column":3}},"loc":{"start":{"line":4,"column":16},"end":{"line":6,"column":3}},"line":4},"1":{"name":"(anonymous_1)","decl":{"start":{"line":8,"column":2},"end":{"line":8,"column":3}},"loc":{"start":{"line":8,"column":32},"end":{"line":10,"column":3}},"line":8}},"branchMap":{},"s":{"0":1,"1":0},"f":{"0":1,"1":0},"b":{},"_coverageSchema":"1a1c01bbd47fc00a2c39e90264f33305004495a9","hash":"64bc81425bdccaf411800162ad313ed7b16c78cd"}
,"/home/matt/javascript-expert/aulas/aula01/server/routes.js": {"path":"/home/matt/javascript-expert/aulas/aula01/server/routes.js","statementMap":{"0":{"start":{"line":18,"column":4},"end":{"line":18,"column":10}},"1":{"start":{"line":20,"column":19},"end":{"line":20,"column":35}},"2":{"start":{"line":26,"column":6},"end":{"line":26,"column":13}},"3":{"start":{"line":28,"column":2},"end":{"line":34,"column":3}},"4":{"start":{"line":29,"column":4},"end":{"line":31,"column":6}},"5":{"start":{"line":33,"column":4},"end":{"line":33,"column":25}},"6":{"start":{"line":36,"column":2},"end":{"line":47,"column":3}},"7":{"start":{"line":39,"column":8},"end":{"line":39,"column":48}},"8":{"start":{"line":46,"column":4},"end":{"line":46,"column":32}},"9":{"start":{"line":49,"column":2},"end":{"line":60,"column":3}},"10":{"start":{"line":52,"column":8},"end":{"line":52,"column":54}},"11":{"start":{"line":59,"column":4},"end":{"line":59,"column":32}},"12":{"start":{"line":63,"column":2},"end":{"line":76,"column":3}},"13":{"start":{"line":67,"column":8},"end":{"line":67,"column":43}},"14":{"start":{"line":68,"column":24},"end":{"line":68,"column":42}},"15":{"start":{"line":70,"column":4},"end":{"line":74,"column":5}},"16":{"start":{"line":71,"column":6},"end":{"line":73,"column":8}},"17":{"start":{"line":75,"column":4},"end":{"line":75,"column":32}},"18":{"start":{"line":79,"column":2},"end":{"line":79,"column":25}},"19":{"start":{"line":80,"column":2},"end":{"line":80,"column":23}},"20":{"start":{"line":84,"column":2},"end":{"line":88,"column":3}},"21":{"start":{"line":85,"column":4},"end":{"line":85,"column":49}},"22":{"start":{"line":86,"column":4},"end":{"line":86,"column":27}},"23":{"start":{"line":87,"column":4},"end":{"line":87,"column":25}},"24":{"start":{"line":90,"column":2},"end":{"line":90,"column":52}},"25":{"start":{"line":91,"column":2},"end":{"line":91,"column":25}},"26":{"start":{"line":92,"column":2},"end":{"line":92,"column":23}},"27":{"start":{"line":97,"column":2},"end":{"line":98,"column":49}},"28":{"start":{"line":98,"column":20},"end":{"line":98,"column":48}}},"fnMap":{"0":{"name":"routes","decl":{"start":{"line":22,"column":15},"end":{"line":22,"column":21}},"loc":{"start":{"line":22,"column":41},"end":{"line":81,"column":1}},"line":22},"1":{"name":"handleError","decl":{"start":{"line":83,"column":9},"end":{"line":83,"column":20}},"loc":{"start":{"line":83,"column":38},"end":{"line":93,"column":1}},"line":83},"2":{"name":"handler","decl":{"start":{"line":95,"column":16},"end":{"line":95,"column":23}},"loc":{"start":{"line":95,"column":43},"end":{"line":99,"column":1}},"line":95},"3":{"name":"(anonymous_3)","decl":{"start":{"line":98,"column":11},"end":{"line":98,"column":12}},"loc":{"start":{"line":98,"column":20},"end":{"line":98,"column":48}},"line":98}},"branchMap":{"0":{"loc":{"start":{"line":28,"column":2},"end":{"line":34,"column":3}},"type":"if","locations":[{"start":{"line":28,"column":2},"end":{"line":34,"column":3}},{"start":{},"end":{}}],"line":28},"1":{"loc":{"start":{"line":28,"column":6},"end":{"line":28,"column":37}},"type":"binary-expr","locations":[{"start":{"line":28,"column":6},"end":{"line":28,"column":22}},{"start":{"line":28,"column":26},"end":{"line":28,"column":37}}],"line":28},"2":{"loc":{"start":{"line":36,"column":2},"end":{"line":47,"column":3}},"type":"if","locations":[{"start":{"line":36,"column":2},"end":{"line":47,"column":3}},{"start":{},"end":{}}],"line":36},"3":{"loc":{"start":{"line":36,"column":6},"end":{"line":36,"column":41}},"type":"binary-expr","locations":[{"start":{"line":36,"column":6},"end":{"line":36,"column":22}},{"start":{"line":36,"column":26},"end":{"line":36,"column":41}}],"line":36},"4":{"loc":{"start":{"line":49,"column":2},"end":{"line":60,"column":3}},"type":"if","locations":[{"start":{"line":49,"column":2},"end":{"line":60,"column":3}},{"start":{},"end":{}}],"line":49},"5":{"loc":{"start":{"line":49,"column":6},"end":{"line":49,"column":47}},"type":"binary-expr","locations":[{"start":{"line":49,"column":6},"end":{"line":49,"column":22}},{"start":{"line":49,"column":26},"end":{"line":49,"column":47}}],"line":49},"6":{"loc":{"start":{"line":63,"column":2},"end":{"line":76,"column":3}},"type":"if","locations":[{"start":{"line":63,"column":2},"end":{"line":76,"column":3}},{"start":{},"end":{}}],"line":63},"7":{"loc":{"start":{"line":70,"column":4},"end":{"line":74,"column":5}},"type":"if","locations":[{"start":{"line":70,"column":4},"end":{"line":74,"column":5}},{"start":{},"end":{}}],"line":70},"8":{"loc":{"start":{"line":84,"column":2},"end":{"line":88,"column":3}},"type":"if","locations":[{"start":{"line":84,"column":2},"end":{"line":88,"column":3}},{"start":{},"end":{}}],"line":84}},"s":{"0":1,"1":1,"2":8,"3":8,"4":1,"5":1,"6":7,"7":1,"8":1,"9":6,"10":1,"11":1,"12":5,"13":4,"14":2,"15":2,"16":1,"17":2,"18":1,"19":1,"20":2,"21":1,"22":1,"23":1,"24":1,"25":1,"26":1,"27":8,"28":2},"f":{"0":8,"1":2,"2":8,"3":2},"b":{"0":[1,7],"1":[8,7],"2":[1,6],"3":[7,6],"4":[1,5],"5":[6,5],"6":[4,1],"7":[1,1],"8":[1,1]},"_coverageSchema":"1a1c01bbd47fc00a2c39e90264f33305004495a9","hash":"e655cae7104eefa37973792ed4ae17a898f4389b"}
,"/home/matt/javascript-expert/aulas/aula01/server/service.js": {"path":"/home/matt/javascript-expert/aulas/aula01/server/service.js","statementMap":{"0":{"start":{"line":13,"column":4},"end":{"line":13,"column":10}},"1":{"start":{"line":17,"column":4},"end":{"line":17,"column":40}},"2":{"start":{"line":22,"column":25},"end":{"line":22,"column":52}},"3":{"start":{"line":24,"column":4},"end":{"line":24,"column":41}},"4":{"start":{"line":25,"column":21},"end":{"line":25,"column":42}},"5":{"start":{"line":26,"column":4},"end":{"line":29,"column":5}},"6":{"start":{"line":36,"column":8},"end":{"line":36,"column":36}},"7":{"start":{"line":37,"column":4},"end":{"line":40,"column":5}}},"fnMap":{"0":{"name":"(anonymous_0)","decl":{"start":{"line":16,"column":2},"end":{"line":16,"column":3}},"loc":{"start":{"line":16,"column":29},"end":{"line":18,"column":3}},"line":16},"1":{"name":"(anonymous_1)","decl":{"start":{"line":20,"column":2},"end":{"line":20,"column":3}},"loc":{"start":{"line":20,"column":26},"end":{"line":30,"column":3}},"line":20},"2":{"name":"(anonymous_2)","decl":{"start":{"line":32,"column":2},"end":{"line":32,"column":3}},"loc":{"start":{"line":32,"column":28},"end":{"line":41,"column":3}},"line":32}},"branchMap":{},"s":{"0":1,"1":0,"2":0,"3":0,"4":0,"5":0,"6":0,"7":0},"f":{"0":0,"1":0,"2":0},"b":{},"_coverageSchema":"1a1c01bbd47fc00a2c39e90264f33305004495a9","hash":"793bec1117a5a2fea443164b248793b6d7dfb7ff"}
,"/home/matt/javascript-expert/aulas/aula01/server/util.js": {"path":"/home/matt/javascript-expert/aulas/aula01/server/util.js","statementMap":{"0":{"start":{"line":3,"column":12},"end":{"line":11,"column":2}},"1":{"start":{"line":13,"column":22},"end":{"line":13,"column":25}}},"fnMap":{},"branchMap":{},"s":{"0":1,"1":1},"f":{},"b":{},"_coverageSchema":"1a1c01bbd47fc00a2c39e90264f33305004495a9","hash":"c14a0dd6f002c31924d9d82a9c046fe4df7edd0b"}
,"/home/matt/javascript-expert/aulas/aula01/tests/unit/_util/testUtil.js": {"path":"/home/matt/javascript-expert/aulas/aula01/tests/unit/_util/testUtil.js","statementMap":{"0":{"start":{"line":12,"column":4},"end":{"line":20,"column":6}},"1":{"start":{"line":14,"column":8},"end":{"line":16,"column":9}},"2":{"start":{"line":15,"column":10},"end":{"line":15,"column":25}},"3":{"start":{"line":18,"column":8},"end":{"line":18,"column":23}},"4":{"start":{"line":24,"column":4},"end":{"line":30,"column":6}},"5":{"start":{"line":26,"column":8},"end":{"line":26,"column":21}},"6":{"start":{"line":28,"column":8},"end":{"line":28,"column":23}},"7":{"start":{"line":34,"column":26},"end":{"line":34,"column":81}},"8":{"start":{"line":35,"column":21},"end":{"line":35,"column":63}},"9":{"start":{"line":36,"column":17},"end":{"line":46,"column":5}},"10":{"start":{"line":48,"column":4},"end":{"line":51,"column":5}},"11":{"start":{"line":49,"column":20},"end":{"line":49,"column":39}}},"fnMap":{"0":{"name":"(anonymous_0)","decl":{"start":{"line":11,"column":2},"end":{"line":11,"column":3}},"loc":{"start":{"line":11,"column":38},"end":{"line":21,"column":3}},"line":11},"1":{"name":"(anonymous_1)","decl":{"start":{"line":13,"column":6},"end":{"line":13,"column":7}},"loc":{"start":{"line":13,"column":13},"end":{"line":19,"column":7}},"line":13},"2":{"name":"(anonymous_2)","decl":{"start":{"line":23,"column":2},"end":{"line":23,"column":3}},"loc":{"start":{"line":23,"column":40},"end":{"line":31,"column":3}},"line":23},"3":{"name":"(anonymous_3)","decl":{"start":{"line":25,"column":6},"end":{"line":25,"column":7}},"loc":{"start":{"line":25,"column":28},"end":{"line":29,"column":7}},"line":25},"4":{"name":"(anonymous_4)","decl":{"start":{"line":33,"column":2},"end":{"line":33,"column":3}},"loc":{"start":{"line":33,"column":31},"end":{"line":52,"column":3}},"line":33},"5":{"name":"(anonymous_5)","decl":{"start":{"line":35,"column":53},"end":{"line":35,"column":54}},"loc":{"start":{"line":35,"column":59},"end":{"line":35,"column":62}},"line":35},"6":{"name":"(anonymous_6)","decl":{"start":{"line":49,"column":14},"end":{"line":49,"column":15}},"loc":{"start":{"line":49,"column":20},"end":{"line":49,"column":39}},"line":49}},"branchMap":{},"s":{"0":12,"1":0,"2":0,"3":0,"4":8,"5":0,"6":0,"7":8,"8":8,"9":8,"10":8,"11":8},"f":{"0":12,"1":0,"2":8,"3":0,"4":8,"5":0,"6":8},"b":{},"_coverageSchema":"1a1c01bbd47fc00a2c39e90264f33305004495a9","hash":"948100bd5d1776d6d17091b279dac2598f12d525"}
}
